0 info it worked if it ends with ok
1 verbose cli [ '/usr/bin/node', '/usr/bin/npm', 'install', 'ngrok', '-g' ]
2 info using npm@1.4.28
3 info using node@v0.10.38
4 verbose node symlink /usr/bin/node
5 verbose cache add [ 'ngrok', null ]
6 verbose cache add name=undefined spec="ngrok" args=["ngrok",null]
7 verbose parsed url { protocol: null,
7 verbose parsed url   slashes: null,
7 verbose parsed url   auth: null,
7 verbose parsed url   host: null,
7 verbose parsed url   port: null,
7 verbose parsed url   hostname: null,
7 verbose parsed url   hash: null,
7 verbose parsed url   search: null,
7 verbose parsed url   query: null,
7 verbose parsed url   pathname: 'ngrok',
7 verbose parsed url   path: 'ngrok',
7 verbose parsed url   href: 'ngrok' }
8 silly lockFile 893a9e06-ngrok ngrok
9 verbose lock ngrok /home/loubot/.npm/893a9e06-ngrok.lock
10 silly lockFile 893a9e06-ngrok ngrok
11 silly lockFile 893a9e06-ngrok ngrok
12 verbose addNamed [ 'ngrok', '' ]
13 verbose addNamed [ null, '*' ]
14 silly lockFile ccf7dd4b-ngrok ngrok@
15 verbose lock ngrok@ /home/loubot/.npm/ccf7dd4b-ngrok.lock
16 silly addNameRange { name: 'ngrok', range: '*', hasData: false }
17 verbose request where is /ngrok
18 verbose request registry https://registry.npmjs.org/
19 verbose request id 92db2d8f02b0a711
20 verbose url raw /ngrok
21 verbose url resolving [ 'https://registry.npmjs.org/', './ngrok' ]
22 verbose url resolved https://registry.npmjs.org/ngrok
23 verbose request where is https://registry.npmjs.org/ngrok
24 info trying registry request attempt 1 at 22:59:46
25 http GET https://registry.npmjs.org/ngrok
26 http 200 https://registry.npmjs.org/ngrok
27 silly registry.get cb [ 200,
27 silly registry.get   { server: 'CouchDB/1.5.0 (Erlang OTP/R16B03)',
27 silly registry.get     etag: '"239KW8MJ8IAU0TY6VOSPLD7D7"',
27 silly registry.get     'content-type': 'application/json',
27 silly registry.get     'cache-control': 'max-age=60',
27 silly registry.get     'content-length': '22438',
27 silly registry.get     'accept-ranges': 'bytes',
27 silly registry.get     date: 'Sat, 06 Jun 2015 21:59:47 GMT',
27 silly registry.get     via: '1.1 varnish',
27 silly registry.get     age: '0',
27 silly registry.get     connection: 'keep-alive',
27 silly registry.get     'x-served-by': 'cache-ams4130-AMS',
27 silly registry.get     'x-cache': 'MISS',
27 silly registry.get     'x-cache-hits': '0',
27 silly registry.get     'x-timer': 'S1433627986.907363,VS0,VE318',
27 silly registry.get     vary: 'Accept' } ]
28 silly addNameRange number 2 { name: 'ngrok', range: '*', hasData: true }
29 silly addNameRange versions [ 'ngrok',
29 silly addNameRange   [ '0.1.0',
29 silly addNameRange     '0.1.1',
29 silly addNameRange     '0.1.2',
29 silly addNameRange     '0.1.3',
29 silly addNameRange     '0.1.4',
29 silly addNameRange     '0.1.5',
29 silly addNameRange     '0.1.6',
29 silly addNameRange     '0.1.7',
29 silly addNameRange     '0.1.8',
29 silly addNameRange     '0.1.9',
29 silly addNameRange     '0.1.91',
29 silly addNameRange     '0.1.92',
29 silly addNameRange     '0.1.93',
29 silly addNameRange     '0.1.94',
29 silly addNameRange     '0.1.95',
29 silly addNameRange     '0.1.96',
29 silly addNameRange     '0.1.97',
29 silly addNameRange     '0.1.98',
29 silly addNameRange     '0.1.99' ] ]
30 verbose addNamed [ 'ngrok', '0.1.99' ]
31 verbose addNamed [ '0.1.99', '0.1.99' ]
32 silly lockFile 3d3b47ca-ngrok-0-1-99 ngrok@0.1.99
33 verbose lock ngrok@0.1.99 /home/loubot/.npm/3d3b47ca-ngrok-0-1-99.lock
34 silly lockFile 4fbc9eca-npmjs-org-ngrok-ngrok-0-1-99-tgz https://registry.npmjs.org/ngrok/-/ngrok-0.1.99.tgz
35 verbose lock https://registry.npmjs.org/ngrok/-/ngrok-0.1.99.tgz /home/loubot/.npm/4fbc9eca-npmjs-org-ngrok-ngrok-0-1-99-tgz.lock
36 verbose addRemoteTarball [ 'https://registry.npmjs.org/ngrok/-/ngrok-0.1.99.tgz',
36 verbose addRemoteTarball   'b9fd7007bb4968a23fa90e0ea53e38fecab96435' ]
37 info retry fetch attempt 1 at 22:59:47
38 verbose fetch to= /tmp/npm-24044-0ncLnSAB/registry.npmjs.org/ngrok/-/ngrok-0.1.99.tgz
39 http GET https://registry.npmjs.org/ngrok/-/ngrok-0.1.99.tgz
40 http 200 https://registry.npmjs.org/ngrok/-/ngrok-0.1.99.tgz
41 silly lockFile 4fbc9eca-npmjs-org-ngrok-ngrok-0-1-99-tgz https://registry.npmjs.org/ngrok/-/ngrok-0.1.99.tgz
42 silly lockFile 4fbc9eca-npmjs-org-ngrok-ngrok-0-1-99-tgz https://registry.npmjs.org/ngrok/-/ngrok-0.1.99.tgz
43 silly lockFile 3d3b47ca-ngrok-0-1-99 ngrok@0.1.99
44 silly lockFile 3d3b47ca-ngrok-0-1-99 ngrok@0.1.99
45 silly lockFile ccf7dd4b-ngrok ngrok@
46 silly lockFile ccf7dd4b-ngrok ngrok@
47 silly resolved [ { name: 'ngrok',
47 silly resolved     version: '0.1.99',
47 silly resolved     description: 'node wrapper for ngrok',
47 silly resolved     main: 'index.js',
47 silly resolved     scripts:
47 silly resolved      { test: 'node ./node_modules/mocha/bin/_mocha',
47 silly resolved        postinstall: 'node ./postinstall.js',
47 silly resolved        postupdate: 'node ./postinstall.js' },
47 silly resolved     repository: { type: 'git', url: 'git://github.com/bubenshchykov/ngrok.git' },
47 silly resolved     keywords: [ 'ngrok', 'localhost', 'tunneling', 'localtunnel', 'webhook' ],
47 silly resolved     author: { name: 'bubenshchykov' },
47 silly resolved     license: 'BSD-2-Clause',
47 silly resolved     bugs: { url: 'https://github.com/bubenshchykov/ngrok/issues' },
47 silly resolved     devDependencies: { mocha: '~1.14.0', chai: '~1.8.1', request: '~2.27.0' },
47 silly resolved     dependencies: { 'decompress-zip': '0.1.0' },
47 silly resolved     bin: { ngrok: './bin/ngrok' },
47 silly resolved     homepage: 'https://github.com/bubenshchykov/ngrok',
47 silly resolved     _id: 'ngrok@0.1.99',
47 silly resolved     dist:
47 silly resolved      { shasum: 'b9fd7007bb4968a23fa90e0ea53e38fecab96435',
47 silly resolved        tarball: 'http://registry.npmjs.org/ngrok/-/ngrok-0.1.99.tgz' },
47 silly resolved     _from: 'ngrok@',
47 silly resolved     _npmVersion: '1.4.3',
47 silly resolved     _npmUser: { name: 'bubenshchykov', email: 'a.bubenshchykov@gmail.com' },
47 silly resolved     maintainers: [ [Object] ],
47 silly resolved     directories: {},
47 silly resolved     _shasum: 'b9fd7007bb4968a23fa90e0ea53e38fecab96435',
47 silly resolved     _resolved: 'https://registry.npmjs.org/ngrok/-/ngrok-0.1.99.tgz' } ]
48 info install ngrok@0.1.99 into /usr/lib
49 info installOne ngrok@0.1.99
50 verbose lib/node_modules/ngrok unbuild
51 verbose tar unpack /home/loubot/.npm/ngrok/0.1.99/package.tgz
52 silly lockFile d7f5284d-tar-usr-lib-node-modules-ngrok tar:///usr/lib/node_modules/ngrok
53 verbose lock tar:///usr/lib/node_modules/ngrok /home/loubot/.npm/d7f5284d-tar-usr-lib-node-modules-ngrok.lock
54 silly lockFile 11c139c7-bot-npm-ngrok-0-1-99-package-tgz tar:///home/loubot/.npm/ngrok/0.1.99/package.tgz
55 verbose lock tar:///home/loubot/.npm/ngrok/0.1.99/package.tgz /home/loubot/.npm/11c139c7-bot-npm-ngrok-0-1-99-package-tgz.lock
56 silly gunzTarPerm modes [ '775', '664' ]
57 error Error: EACCES, mkdir '/usr/lib/node_modules/ngrok'
57 error  { [Error: EACCES, mkdir '/usr/lib/node_modules/ngrok']
57 error   errno: 3,
57 error   code: 'EACCES',
57 error   path: '/usr/lib/node_modules/ngrok',
57 error   fstream_type: 'Directory',
57 error   fstream_path: '/usr/lib/node_modules/ngrok',
57 error   fstream_class: 'DirWriter',
57 error   fstream_stack:
57 error    [ '/usr/lib/node_modules/npm/node_modules/fstream/lib/dir-writer.js:36:23',
57 error      '/usr/lib/node_modules/npm/node_modules/mkdirp/index.js:46:53',
57 error      'Object.oncomplete (fs.js:108:15)' ] }
58 error Please try running this command again as root/Administrator.
59 error System Linux 3.16.0-38-generic
60 error command "/usr/bin/node" "/usr/bin/npm" "install" "ngrok" "-g"
61 error cwd /home/loubot/Documents/rails/lessons
62 error node -v v0.10.38
63 error npm -v 1.4.28
64 error path /usr/lib/node_modules/ngrok
65 error fstream_path /usr/lib/node_modules/ngrok
66 error fstream_type Directory
67 error fstream_class DirWriter
68 error code EACCES
69 error errno 3
70 error stack Error: EACCES, mkdir '/usr/lib/node_modules/ngrok'
71 error fstream_stack /usr/lib/node_modules/npm/node_modules/fstream/lib/dir-writer.js:36:23
71 error fstream_stack /usr/lib/node_modules/npm/node_modules/mkdirp/index.js:46:53
71 error fstream_stack Object.oncomplete (fs.js:108:15)
72 verbose exit [ 3, true ]
